sep 15, 2020 3:39:51 PM uy.com.st.integration.server.utils.ProcesadorWsUtils obtenerNombreOperacionDeSolicitudJson
INFORMACIÓN: solicitudJson: {"operacion":"Opr1", "version":1.0, "parametros":'{"id":1,"region":"centro"}'}
sep 15, 2020 3:39:51 PM uy.com.st.integration.server.utils.ProcesadorWsUtils generarObjetoSolicitudDeSolicitudJson
INFORMACIÓN: solicitudJson: {"operacion":"Opr1", "version":1.0, "parametros":'{"id":1,"region":"centro"}'}
sep 15, 2020 3:40:03 PM uy.com.st.integration.server.utils.ProcesadorWsUtils generarObjetoSolicitudDeSolicitudJson
INFORMACIÓN: Se obtiene el Objeto solicitud Solicitud [uuid=877b8f0c-7c07-4b48-9bde-8fc2c0117e3d, timeStamp=1600195203067, operacion=Opr1, version=1.0, parametros={"id":1,"region":"centro"}]
sep 15, 2020 3:40:03 PM uy.com.st.integration.server.utils.ProcesadorWsUtils obtenerNombreOperacionDeSolicitudJson
INFORMACIÓN: Nombre de operación obtenida: Opr1
sep 15, 2020 3:42:04 PM uy.com.st.integration.server.utils.ProcesadorWsUtils generarRespuestaJson
INFORMACIÓN: Datos de respuesta: <edificios><Id>1</Id></edificios>, Errores de respuesta: <errores><Tipo>1</Tipo><Valor>2</Tipo></errores>
sep 15, 2020 3:42:04 PM uy.com.st.integration.server.utils.ProcesadorWsUtils getRespuestaJson
INFORMACIÓN: Respuesta a convertir en Json Respuesta [datos=<edificios><Id>1</Id></edificios>, errores=<errores><Tipo>1</Tipo><Valor>2</Tipo></errores>, uuidSolicitud=null, timeStampSolicitud=0]
sep 15, 2020 3:42:05 PM uy.com.st.integration.server.utils.ProcesadorWsUtils getRespuestaJson
INFORMACIÓN: RespuestaJson generada: {"datos":"\u003cedificios\u003e\u003cId\u003e1\u003c/Id\u003e\u003c/edificios\u003e","errores":"\u003cerrores\u003e\u003cTipo\u003e1\u003c/Tipo\u003e\u003cValor\u003e2\u003c/Tipo\u003e\u003c/errores\u003e","timeStampSolicitud":0}
sep 15, 2020 3:43:02 PM uy.com.st.integration.server.utils.ProcesadorWsUtils obtenerParametrosDeSolicitudJson
INFORMACIÓN: solicitudJson: {"operacion":"Opr1", "version":1.0, "parametros":'{"id":1,"region":"centro"}'}
sep 15, 2020 3:43:02 PM uy.com.st.integration.server.utils.ProcesadorWsUtils generarObjetoSolicitudDeSolicitudJson
INFORMACIÓN: solicitudJson: {"operacion":"Opr1", "version":1.0, "parametros":'{"id":1,"region":"centro"}'}
sep 15, 2020 3:43:02 PM uy.com.st.integration.server.utils.ProcesadorWsUtils generarObjetoSolicitudDeSolicitudJson
INFORMACIÓN: Se obtiene el Objeto solicitud Solicitud [uuid=19e97570-231f-49a8-a18e-f6f8d0956577, timeStamp=1600195382819, operacion=Opr1, version=1.0, parametros={"id":1,"region":"centro"}]
sep 15, 2020 3:43:02 PM uy.com.st.integration.server.utils.ProcesadorWsUtils obtenerParametrosDeSolicitudJson
INFORMACIÓN: Parámetros obtenidos: {"id":1,"region":"centro"}
sep 15, 2020 3:43:02 PM uy.com.st.integration.server.utils.ProcesadorWsUtils obtenerParametrosDeSolicitudJson
INFORMACIÓN: solicitudJson: {"operacion":"Opr1", "version":1.0, "parametros":'{"id":1,"region":"centro"}'}
sep 15, 2020 3:43:02 PM uy.com.st.integration.server.utils.ProcesadorWsUtils generarObjetoSolicitudDeSolicitudJson
INFORMACIÓN: solicitudJson: {"operacion":"Opr1", "version":1.0, "parametros":'{"id":1,"region":"centro"}'}
sep 15, 2020 3:43:02 PM uy.com.st.integration.server.utils.ProcesadorWsUtils generarObjetoSolicitudDeSolicitudJson
INFORMACIÓN: Se obtiene el Objeto solicitud Solicitud [uuid=0282acc4-ded2-4e5b-917e-69c56b7cc060, timeStamp=1600195382856, operacion=Opr1, version=1.0, parametros={"id":1,"region":"centro"}]
sep 15, 2020 3:43:02 PM uy.com.st.integration.server.utils.ProcesadorWsUtils obtenerParametrosDeSolicitudJson
INFORMACIÓN: Parámetros obtenidos: {"id":1,"region":"centro"}
sep 15, 2020 3:43:17 PM uy.com.st.integration.server.utils.ProcesadorWsUtils obtenerVersionOperacionDeSolicitudJson
INFORMACIÓN: solicitudJson: {"operacion":"Opr1", "version":1.0, "parametros":'{"id":1,"region":"centro"}'}
sep 15, 2020 3:43:17 PM uy.com.st.integration.server.utils.ProcesadorWsUtils generarObjetoSolicitudDeSolicitudJson
INFORMACIÓN: solicitudJson: {"operacion":"Opr1", "version":1.0, "parametros":'{"id":1,"region":"centro"}'}
sep 15, 2020 3:43:17 PM uy.com.st.integration.server.utils.ProcesadorWsUtils generarObjetoSolicitudDeSolicitudJson
INFORMACIÓN: Se obtiene el Objeto solicitud Solicitud [uuid=1e1ace39-a537-4302-a739-4967ae420b37, timeStamp=1600195397740, operacion=Opr1, version=1.0, parametros={"id":1,"region":"centro"}]
sep 15, 2020 3:43:17 PM uy.com.st.integration.server.utils.ProcesadorWsUtils obtenerVersionOperacionDeSolicitudJson
INFORMACIÓN: Versión obtenida: 1.0
